0 info it worked if it ends with ok
1 verbose cli [ 'C:\\Program Files\\nodejs\\node.exe',
1 verbose cli   'C:\\Program Files\\nodejs\\node_modules\\npm\\bin\\npm-cli.js',
1 verbose cli   '--strict-ssl',
1 verbose cli   'false',
1 verbose cli   'install' ]
2 info using npm@3.3.12
3 info using node@v5.1.0
4 silly loadCurrentTree Starting
5 silly install loadCurrentTree
6 silly install readLocalPackageData
7 silly install normalizeTree
8 silly loadCurrentTree Finishing
9 silly loadIdealTree Starting
10 silly install loadIdealTree
11 silly cloneCurrentTree Starting
12 silly install cloneCurrentTreeToIdealTree
13 silly cloneCurrentTree Finishing
14 silly loadShrinkwrap Starting
15 silly install loadShrinkwrap
16 silly loadShrinkwrap Finishing
17 silly loadAllDepsIntoIdealTree Starting
18 silly install loadAllDepsIntoIdealTree
19 silly fetchNamedPackageData body-parser
20 silly mapToRegistry name body-parser
21 silly mapToRegistry using default registry
22 silly mapToRegistry registry http://registry.npmjs.org/
23 silly mapToRegistry uri http://registry.npmjs.org/body-parser
24 silly fetchNamedPackageData express
25 silly mapToRegistry name express
26 silly mapToRegistry using default registry
27 silly mapToRegistry registry http://registry.npmjs.org/
28 silly mapToRegistry uri http://registry.npmjs.org/express
29 verbose request uri http://registry.npmjs.org/express
30 verbose request no auth needed
31 info attempt registry request try #1 at 10:49:17 AM
32 verbose request id f48bfdad96284f4a
33 http request GET http://registry.npmjs.org/express
34 verbose request uri http://registry.npmjs.org/body-parser
35 verbose request no auth needed
36 info attempt registry request try #1 at 10:49:17 AM
37 verbose etag "BR9C10HYQUNVAIM0C3BKOXUHH"
38 http request GET http://registry.npmjs.org/body-parser
39 info retry will retry, error on last attempt: Error: connect ECONNREFUSED 172.16.35.1:8080
40 info retry will retry, error on last attempt: Error: connect ECONNREFUSED 172.16.35.1:8080
41 info attempt registry request try #2 at 10:49:48 AM
42 http request GET http://registry.npmjs.org/express
43 info attempt registry request try #2 at 10:49:48 AM
44 verbose etag "BR9C10HYQUNVAIM0C3BKOXUHH"
45 http request GET http://registry.npmjs.org/body-parser
46 info retry will retry, error on last attempt: Error: connect ECONNREFUSED 172.16.35.1:8080
47 info retry will retry, error on last attempt: Error: connect ECONNREFUSED 172.16.35.1:8080
48 info attempt registry request try #3 at 10:51:09 AM
49 http request GET http://registry.npmjs.org/express
50 info attempt registry request try #3 at 10:51:09 AM
51 verbose etag "BR9C10HYQUNVAIM0C3BKOXUHH"
52 http request GET http://registry.npmjs.org/body-parser
53 silly fetchPackageMetaData Error: connect ECONNREFUSED 172.16.35.1:8080
53 silly fetchPackageMetaData     at Object.exports._errnoException (util.js:856:11)
53 silly fetchPackageMetaData     at exports._exceptionWithHostPort (util.js:879:20)
53 silly fetchPackageMetaData     at TCPConnectWrap.afterConnect [as oncomplete] (net.js:1063:14)
53 silly fetchPackageMetaData  error for express@^4.4.5 { [Error: connect ECONNREFUSED 172.16.35.1:8080]
53 silly fetchPackageMetaData   code: 'ECONNREFUSED',
53 silly fetchPackageMetaData   errno: 'ECONNREFUSED',
53 silly fetchPackageMetaData   syscall: 'connect',
53 silly fetchPackageMetaData   address: '172.16.35.1',
53 silly fetchPackageMetaData   port: 8080 }
54 silly get cb [ 304, undefined ]
55 verbose etag http://registry.npmjs.org/body-parser from cache
56 verbose get saving body-parser to C:\Users\addstones\AppData\Roaming\npm-cache\registry.npmjs.org\body-parser\.cache.json
57 silly resolveWithNewModule body-parser@1.14.1 checking installable status
58 silly cache add args [ 'body-parser@^1.4.3', null ]
59 verbose cache add spec body-parser@^1.4.3
60 silly cache add parsed spec Result {
60 silly cache add   raw: 'body-parser@^1.4.3',
60 silly cache add   scope: null,
60 silly cache add   name: 'body-parser',
60 silly cache add   rawSpec: '^1.4.3',
60 silly cache add   spec: '>=1.4.3 <2.0.0',
60 silly cache add   type: 'range' }
61 silly addNamed body-parser@>=1.4.3 <2.0.0
62 verbose addNamed ">=1.4.3 <2.0.0" is a valid semver range for body-parser
63 silly addNameRange { name: 'body-parser', range: '>=1.4.3 <2.0.0', hasData: false }
64 silly mapToRegistry name body-parser
65 silly mapToRegistry using default registry
66 silly mapToRegistry registry http://registry.npmjs.org/
67 silly mapToRegistry uri http://registry.npmjs.org/body-parser
68 verbose addNameRange registry:http://registry.npmjs.org/body-parser not in flight; fetching
69 verbose get http://registry.npmjs.org/body-parser not expired, no request
70 silly addNameRange number 2 { name: 'body-parser', range: '>=1.4.3 <2.0.0', hasData: true }
71 silly addNameRange versions [ 'body-parser',
71 silly addNameRange   [ '1.0.0',
71 silly addNameRange     '1.0.1',
71 silly addNameRange     '1.0.2',
71 silly addNameRange     '1.1.0',
71 silly addNameRange     '1.1.1',
71 silly addNameRange     '1.1.2',
71 silly addNameRange     '1.2.0',
71 silly addNameRange     '1.2.1',
71 silly addNameRange     '1.2.2',
71 silly addNameRange     '1.3.0',
71 silly addNameRange     '1.3.1',
71 silly addNameRange     '1.4.0',
71 silly addNameRange     '1.4.1',
71 silly addNameRange     '1.4.2',
71 silly addNameRange     '1.4.3',
71 silly addNameRange     '1.5.0',
71 silly addNameRange     '1.5.1',
71 silly addNameRange     '1.5.2',
71 silly addNameRange     '1.6.0',
71 silly addNameRange     '1.6.1',
71 silly addNameRange     '1.6.2',
71 silly addNameRange     '1.6.3',
71 silly addNameRange     '1.6.4',
71 silly addNameRange     '1.6.5',
71 silly addNameRange     '1.6.6',
71 silly addNameRange     '1.6.7',
71 silly addNameRange     '1.7.0',
71 silly addNameRange     '1.8.0',
71 silly addNameRange     '1.8.1',
71 silly addNameRange     '1.8.2',
71 silly addNameRange     '1.8.3',
71 silly addNameRange     '1.8.4',
71 silly addNameRange     '1.9.0',
71 silly addNameRange     '1.9.1',
71 silly addNameRange     '1.9.2',
71 silly addNameRange     '1.9.3',
71 silly addNameRange     '1.10.0',
71 silly addNameRange     '1.10.1',
71 silly addNameRange     '1.10.2',
71 silly addNameRange     '1.11.0',
71 silly addNameRange     '1.12.0',
71 silly addNameRange     '1.12.1',
71 silly addNameRange     '1.12.2',
71 silly addNameRange     '1.12.3',
71 silly addNameRange     '1.12.4',
71 silly addNameRange     '1.13.0',
71 silly addNameRange     '1.13.1',
71 silly addNameRange     '1.13.2',
71 silly addNameRange     '1.13.3',
71 silly addNameRange     '1.14.0',
71 silly addNameRange     '1.14.1' ] ]
72 silly addNamed body-parser@1.14.1
73 verbose addNamed "1.14.1" is a plain semver version for body-parser
74 silly mapToRegistry name body-parser
75 silly mapToRegistry using default registry
76 silly mapToRegistry registry http://registry.npmjs.org/
77 silly mapToRegistry uri http://registry.npmjs.org/body-parser
78 verbose addRemoteTarball http://registry.npmjs.org/body-parser/-/body-parser-1.14.1.tgz not in flight; adding
79 verbose addRemoteTarball [ 'http://registry.npmjs.org/body-parser/-/body-parser-1.14.1.tgz',
79 verbose addRemoteTarball   'ffe921eba3ce8f191e2a8a8803844bd025f3c6dc' ]
80 info retry fetch attempt 1 at 10:51:30 AM
81 info attempt registry request try #1 at 10:51:30 AM
82 http fetch GET http://registry.npmjs.org/body-parser/-/body-parser-1.14.1.tgz
83 info retry will retry, error on last attempt: Error: connect ECONNREFUSED 172.16.35.1:8080
84 info attempt registry request try #2 at 10:52:01 AM
85 http fetch GET http://registry.npmjs.org/body-parser/-/body-parser-1.14.1.tgz
86 info retry will retry, error on last attempt: Error: connect ECONNREFUSED 172.16.35.1:8080
87 info attempt registry request try #3 at 10:53:22 AM
88 http fetch GET http://registry.npmjs.org/body-parser/-/body-parser-1.14.1.tgz
89 error fetch failed http://registry.npmjs.org/body-parser/-/body-parser-1.14.1.tgz
90 warn retry will retry, error on last attempt: Error: connect ECONNREFUSED 172.16.35.1:8080
91 info retry fetch attempt 2 at 10:53:53 AM
92 info attempt registry request try #1 at 10:53:53 AM
93 http fetch GET http://registry.npmjs.org/body-parser/-/body-parser-1.14.1.tgz
94 info retry will retry, error on last attempt: Error: connect ECONNREFUSED 172.16.35.1:8080
95 info attempt registry request try #2 at 10:54:24 AM
96 http fetch GET http://registry.npmjs.org/body-parser/-/body-parser-1.14.1.tgz
97 info retry will retry, error on last attempt: Error: connect ECONNREFUSED 172.16.35.1:8080
98 info attempt registry request try #3 at 10:55:45 AM
99 http fetch GET http://registry.npmjs.org/body-parser/-/body-parser-1.14.1.tgz
100 error fetch failed http://registry.npmjs.org/body-parser/-/body-parser-1.14.1.tgz
101 warn retry will retry, error on last attempt: Error: connect ECONNREFUSED 172.16.35.1:8080
102 info retry fetch attempt 3 at 10:57:06 AM
103 info attempt registry request try #1 at 10:57:06 AM
104 http fetch GET http://registry.npmjs.org/body-parser/-/body-parser-1.14.1.tgz
105 info retry will retry, error on last attempt: Error: connect ECONNREFUSED 172.16.35.1:8080
106 info attempt registry request try #2 at 10:57:37 AM
107 http fetch GET http://registry.npmjs.org/body-parser/-/body-parser-1.14.1.tgz
108 info retry will retry, error on last attempt: Error: connect ECONNREFUSED 172.16.35.1:8080
109 info attempt registry request try #3 at 10:58:58 AM
110 http fetch GET http://registry.npmjs.org/body-parser/-/body-parser-1.14.1.tgz
111 error fetch failed http://registry.npmjs.org/body-parser/-/body-parser-1.14.1.tgz
112 silly rollbackFailedOptional Starting
113 silly rollbackFailedOptional Finishing
114 silly runTopLevelLifecycles Starting
115 silly runTopLevelLifecycles Finishing
116 silly install printInstalled
117 verbose stack Error: connect ECONNREFUSED 172.16.35.1:8080
117 verbose stack     at Object.exports._errnoException (util.js:856:11)
117 verbose stack     at exports._exceptionWithHostPort (util.js:879:20)
117 verbose stack     at TCPConnectWrap.afterConnect [as oncomplete] (net.js:1063:14)
118 verbose cwd C:\Users\addstones\Desktop\XUAN\react-tutorial-master
119 error Windows_NT 6.1.7601
120 error argv "C:\\Program Files\\nodejs\\node.exe" "C:\\Program Files\\nodejs\\node_modules\\npm\\bin\\npm-cli.js" "--strict-ssl" "false" "install"
121 error node v5.1.0
122 error npm  v3.3.12
123 error code ECONNREFUSED
124 error errno ECONNREFUSED
125 error syscall connect
126 error Error: connect ECONNREFUSED 172.16.35.1:8080
126 error     at Object.exports._errnoException (util.js:856:11)
126 error     at exports._exceptionWithHostPort (util.js:879:20)
126 error     at TCPConnectWrap.afterConnect [as oncomplete] (net.js:1063:14)
126 error  { [Error: connect ECONNREFUSED 172.16.35.1:8080]
126 error   code: 'ECONNREFUSED',
126 error   errno: 'ECONNREFUSED',
126 error   syscall: 'connect',
126 error   address: '172.16.35.1',
126 error   port: 8080,
126 error   parent: 'react-tutorial' }
127 error If you are behind a proxy, please make sure that the
127 error 'proxy' config is set properly.  See: 'npm help config'
128 verbose exit [ 1, true ]
